{
  "stats": {
    "suites": 1,
    "tests": 1,
    "passes": 0,
    "pending": 1,
    "failures": 0,
    "start": "2024-03-09T09:36:49.940Z",
    "end": "2024-03-09T09:36:49.966Z",
    "duration": 26,
    "testsRegistered": 1,
    "passPercent": null,
    "pendingPercent": 100,
    "other": 0,
    "hasOther": false,
    "skipped": 0,
    "hasSkipped": false
  },
  "results": [
    {
      "uuid": "18c6f261-f7b4-4c3e-8a52-f2e890413351",
      "title": "",
      "fullFile": "cypress/e2e/login.cy.js",
      "file": "cypress/e2e/login.cy.js",
      "beforeHooks": [],
      "afterHooks": [],
      "tests": [],
      "suites": [
        {
          "uuid": "7d777397-06c8-4827-9605-39187f9ef802",
          "title": "Login to Swag Labs",
          "fullFile": "",
          "file": "",
          "beforeHooks": [],
          "afterHooks": [],
          "tests": [
            {
              "title": "Add to Product to Cart",
              "fullTitle": "Login to Swag Labs Add to Product to Cart",
              "timedOut": null,
              "duration": 0,
              "state": "pending",
              "speed": null,
              "pass": false,
              "fail": false,
              "pending": true,
              "context": null,
              "code": "const loginPage = new _LoginPage.default();\nconst homePage = new _HomePage.default();\nconst cartPage = new _CartPage.default();\nloginPage.visit().checkPageUrl();\nloginPage.loginwithCredentials('standard_user', 'secret_sauce');\nhomePage.checkPageUrl();\nhomePage.addProductToCart('Sauce Labs Bolt T-Shirt');\nhomePage.header.clickShoppingCartButton();\ncartPage.getProductName().should('eq', 'Sauce Labs Bolt T-Shirt');",
              "err": {},
              "uuid": "7c2e95c6-fbce-4346-8866-9bf1004869e4",
              "parentUUID": "7d777397-06c8-4827-9605-39187f9ef802",
              "isHook": false,
              "skipped": false
            }
          ],
          "suites": [],
          "passes": [],
          "failures": [],
          "pending": [
            "7c2e95c6-fbce-4346-8866-9bf1004869e4"
          ],
          "skipped": [],
          "duration": 0,
          "root": false,
          "rootEmpty": false,
          "_timeout": 2000
        }
      ],
      "passes": [],
      "failures": [],
      "pending": [],
      "skipped": [],
      "duration": 0,
      "root": true,
      "rootEmpty": true,
      "_timeout": 2000
    }
  ],
  "meta": {
    "mocha": {
      "version": "7.0.1"
    },
    "mochawesome": {
      "options": {
        "quiet": false,
        "reportFilename": "mochawesome",
        "saveHtml": false,
        "saveJson": true,
        "consoleReporter": "spec",
        "useInlineDiffs": false,
        "code": true
      },
      "version": "7.1.3"
    },
    "marge": {
      "options": {
        "charts": true,
        "reportPageTitle": "custom-title",
        "embeddedScreenshots": true,
        "inlineAssets": true,
        "saveAllAttempts": false,
        "overwrite": false,
        "html": false,
        "json": true,
        "reportDir": "cypress/reports/html/.jsons"
      },
      "version": "6.2.0"
    }
  }
}