{
  "stats": {
    "suites": 1,
    "tests": 1,
    "passes": 0,
    "pending": 1,
    "failures": 0,
    "start": "2024-03-10T05:10:33.478Z",
    "end": "2024-03-10T05:10:33.509Z",
    "duration": 31,
    "testsRegistered": 1,
    "passPercent": null,
    "pendingPercent": 100,
    "other": 0,
    "hasOther": false,
    "skipped": 0,
    "hasSkipped": false
  },
  "results": [
    {
      "uuid": "47f344f9-66fe-41b5-ad8a-e672a07b2d9d",
      "title": "",
      "fullFile": "cypress/e2e/hooksdemo.cy.js",
      "file": "cypress/e2e/hooksdemo.cy.js",
      "beforeHooks": [],
      "afterHooks": [],
      "tests": [],
      "suites": [
        {
          "uuid": "8aebf914-180b-46f1-882e-032fcb15d3db",
          "title": "Login Suite 1",
          "fullFile": "",
          "file": "",
          "beforeHooks": [],
          "afterHooks": [],
          "tests": [
            {
              "title": "Verify successful login with valid username and password",
              "fullTitle": "Login Suite 1 Verify successful login with valid username and password",
              "timedOut": null,
              "duration": 0,
              "state": "pending",
              "speed": null,
              "pass": false,
              "fail": false,
              "pending": true,
              "context": null,
              "code": "const email = 'michael.adams@example.com';\ncy.task('queryDatabase', `SELECT * FROM users WHERE email = '${email}'`).then(results => {\n  expect(results.length).to.equal(1);\n  expect(results[0].email).to.equal(email);\n});",
              "err": {},
              "uuid": "2fa3b633-c9e8-40ed-9d1b-c0612ec5ce8a",
              "parentUUID": "8aebf914-180b-46f1-882e-032fcb15d3db",
              "isHook": false,
              "skipped": false
            }
          ],
          "suites": [],
          "passes": [],
          "failures": [],
          "pending": [
            "2fa3b633-c9e8-40ed-9d1b-c0612ec5ce8a"
          ],
          "skipped": [],
          "duration": 0,
          "root": false,
          "rootEmpty": false,
          "_timeout": 2000
        }
      ],
      "passes": [],
      "failures": [],
      "pending": [],
      "skipped": [],
      "duration": 0,
      "root": true,
      "rootEmpty": true,
      "_timeout": 2000
    }
  ],
  "meta": {
    "mocha": {
      "version": "7.0.1"
    },
    "mochawesome": {
      "options": {
        "quiet": false,
        "reportFilename": "mochawesome",
        "saveHtml": false,
        "saveJson": true,
        "consoleReporter": "spec",
        "useInlineDiffs": false,
        "code": true
      },
      "version": "7.1.3"
    },
    "marge": {
      "options": {
        "charts": true,
        "reportPageTitle": "custom-title",
        "embeddedScreenshots": true,
        "inlineAssets": true,
        "saveAllAttempts": false,
        "overwrite": false,
        "html": false,
        "json": true,
        "reportDir": "cypress/reports/html/.jsons"
      },
      "version": "6.2.0"
    }
  }
}