{
  "stats": {
    "suites": 1,
    "tests": 2,
    "passes": 2,
    "pending": 1,
    "failures": -1,
    "start": "2024-03-09T07:01:41.963Z",
    "end": "2024-03-09T07:01:42.028Z",
    "duration": 65,
    "testsRegistered": 3,
    "passPercent": 100,
    "pendingPercent": 33.33333333333333,
    "other": 1,
    "hasOther": true,
    "skipped": 0,
    "hasSkipped": false
  },
  "results": [
    {
      "uuid": "d507dadd-dc75-4cd3-a1cf-b2d481f51d4d",
      "title": "",
      "fullFile": "cypress/e2e/hooksdemo.cy.js",
      "file": "cypress/e2e/hooksdemo.cy.js",
      "beforeHooks": [],
      "afterHooks": [],
      "tests": [],
      "suites": [
        {
          "uuid": "a224cf0b-7612-40f2-914b-073a605782a5",
          "title": "Login Suite 1",
          "fullFile": "",
          "file": "",
          "beforeHooks": [],
          "afterHooks": [],
          "tests": [
            {
              "title": "Verify successful login with valid username and password",
              "fullTitle": "Login Suite 1 Verify successful login with valid username and password",
              "timedOut": null,
              "duration": 0,
              "state": "pending",
              "speed": null,
              "pass": false,
              "fail": false,
              "pending": true,
              "context": null,
              "code": "cy.log('Verify successful login with valid username and password');",
              "err": {},
              "uuid": "86def5ad-788b-4702-8893-75a801934eb3",
              "parentUUID": "a224cf0b-7612-40f2-914b-073a605782a5",
              "isHook": false,
              "skipped": false
            },
            {
              "title": "Verify successful login with invalid username and password",
              "fullTitle": "Login Suite 1 Verify successful login with invalid username and password",
              "timedOut": null,
              "duration": 6,
              "state": "passed",
              "speed": "fast",
              "pass": true,
              "fail": false,
              "pending": false,
              "context": null,
              "code": "cy.log('Verify successful login with invalid username and password');",
              "err": {},
              "uuid": "f0bea4de-7a52-48f3-b3aa-1d03512c1b02",
              "parentUUID": "a224cf0b-7612-40f2-914b-073a605782a5",
              "isHook": false,
              "skipped": false
            },
            {
              "title": "Verify successful login with valid username and invalid password",
              "fullTitle": "Login Suite 1 Verify successful login with valid username and invalid password",
              "timedOut": null,
              "duration": 11,
              "state": "passed",
              "speed": "fast",
              "pass": true,
              "fail": false,
              "pending": false,
              "context": null,
              "code": "cy.log('Verify successful login with valid username and invalid password');",
              "err": {},
              "uuid": "48fecddd-45da-4841-90e6-0c0b38fa2edb",
              "parentUUID": "a224cf0b-7612-40f2-914b-073a605782a5",
              "isHook": false,
              "skipped": false
            }
          ],
          "suites": [],
          "passes": [
            "f0bea4de-7a52-48f3-b3aa-1d03512c1b02",
            "48fecddd-45da-4841-90e6-0c0b38fa2edb"
          ],
          "failures": [],
          "pending": [
            "86def5ad-788b-4702-8893-75a801934eb3"
          ],
          "skipped": [],
          "duration": 17,
          "root": false,
          "rootEmpty": false,
          "_timeout": 2000
        }
      ],
      "passes": [],
      "failures": [],
      "pending": [],
      "skipped": [],
      "duration": 0,
      "root": true,
      "rootEmpty": true,
      "_timeout": 2000
    }
  ],
  "meta": {
    "mocha": {
      "version": "7.0.1"
    },
    "mochawesome": {
      "options": {
        "quiet": false,
        "reportFilename": "mochawesome",
        "saveHtml": false,
        "saveJson": true,
        "consoleReporter": "spec",
        "useInlineDiffs": false,
        "code": true
      },
      "version": "7.1.3"
    },
    "marge": {
      "options": {
        "charts": true,
        "reportPageTitle": "custom-title",
        "embeddedScreenshots": true,
        "inlineAssets": true,
        "saveAllAttempts": false,
        "overwrite": false,
        "html": false,
        "json": true,
        "reportDir": "cypress/reports/html/.jsons"
      },
      "version": "6.2.0"
    }
  }
}