{
  "stats": {
    "suites": 1,
    "tests": 1,
    "passes": 1,
    "pending": 0,
    "failures": 0,
    "start": "2024-03-09T09:35:59.160Z",
    "end": "2024-03-09T09:36:00.520Z",
    "duration": 1360,
    "testsRegistered": 1,
    "passPercent": 100,
    "pendingPercent": 0,
    "other": 0,
    "hasOther": false,
    "skipped": 0,
    "hasSkipped": false
  },
  "results": [
    {
      "uuid": "d2bb23d8-8f0f-4059-becb-1bda87a760a6",
      "title": "",
      "fullFile": "cypress/e2e/login.cy.js",
      "file": "cypress/e2e/login.cy.js",
      "beforeHooks": [],
      "afterHooks": [],
      "tests": [],
      "suites": [
        {
          "uuid": "1cb9f5bf-1c7b-4541-ad8b-32ff6c7fe0a4",
          "title": "Login to Swag Labs",
          "fullFile": "",
          "file": "",
          "beforeHooks": [],
          "afterHooks": [],
          "tests": [
            {
              "title": "Add to Product to Cart",
              "fullTitle": "Login to Swag Labs Add to Product to Cart",
              "timedOut": null,
              "duration": 1337,
              "state": "passed",
              "speed": "fast",
              "pass": true,
              "fail": false,
              "pending": false,
              "context": null,
              "code": "const loginPage = new _LoginPage.default();\nconst homePage = new _HomePage.default();\nconst cartPage = new _CartPage.default();\nloginPage.visit().checkPageUrl();\nloginPage.loginwithCredentials('standard_user', 'secret_sauce');\nhomePage.checkPageUrl();\nhomePage.addProductToCart('Sauce Labs Bolt T-Shirt');\nhomePage.header.clickShoppingCartButton();\ncartPage.getProductName().should('eq', 'Sauce Labs Bolt T-Shirt');",
              "err": {},
              "uuid": "4154198a-ebf0-4ac8-a8f9-31a7d41709ec",
              "parentUUID": "1cb9f5bf-1c7b-4541-ad8b-32ff6c7fe0a4",
              "isHook": false,
              "skipped": false
            }
          ],
          "suites": [],
          "passes": [
            "4154198a-ebf0-4ac8-a8f9-31a7d41709ec"
          ],
          "failures": [],
          "pending": [],
          "skipped": [],
          "duration": 1337,
          "root": false,
          "rootEmpty": false,
          "_timeout": 2000
        }
      ],
      "passes": [],
      "failures": [],
      "pending": [],
      "skipped": [],
      "duration": 0,
      "root": true,
      "rootEmpty": true,
      "_timeout": 2000
    }
  ],
  "meta": {
    "mocha": {
      "version": "7.0.1"
    },
    "mochawesome": {
      "options": {
        "quiet": false,
        "reportFilename": "mochawesome",
        "saveHtml": false,
        "saveJson": true,
        "consoleReporter": "spec",
        "useInlineDiffs": false,
        "code": true
      },
      "version": "7.1.3"
    },
    "marge": {
      "options": {
        "charts": true,
        "reportPageTitle": "custom-title",
        "embeddedScreenshots": true,
        "inlineAssets": true,
        "saveAllAttempts": false,
        "overwrite": false,
        "html": false,
        "json": true,
        "reportDir": "cypress/reports/html/.jsons"
      },
      "version": "6.2.0"
    }
  }
}