{
  "stats": {
    "suites": 1,
    "tests": 2,
    "passes": 2,
    "pending": 1,
    "failures": -1,
    "start": "2024-03-09T06:59:16.738Z",
    "end": "2024-03-09T06:59:16.790Z",
    "duration": 52,
    "testsRegistered": 3,
    "passPercent": 100,
    "pendingPercent": 33.33333333333333,
    "other": 1,
    "hasOther": true,
    "skipped": 0,
    "hasSkipped": false
  },
  "results": [
    {
      "uuid": "5c9e8c1e-e2f8-47a3-b296-013114a024c6",
      "title": "",
      "fullFile": "cypress/e2e/hooksdemo.cy.js",
      "file": "cypress/e2e/hooksdemo.cy.js",
      "beforeHooks": [],
      "afterHooks": [],
      "tests": [],
      "suites": [
        {
          "uuid": "67bb37a2-8c32-4b76-8152-41793330ccb3",
          "title": "Login Suite 1",
          "fullFile": "",
          "file": "",
          "beforeHooks": [],
          "afterHooks": [],
          "tests": [
            {
              "title": "Verify successful login with valid username and password",
              "fullTitle": "Login Suite 1 Verify successful login with valid username and password",
              "timedOut": null,
              "duration": 0,
              "state": "pending",
              "speed": null,
              "pass": false,
              "fail": false,
              "pending": true,
              "context": null,
              "code": "cy.log('Verify successful login with valid username and password');",
              "err": {},
              "uuid": "15d75cb5-c38d-4962-a9b8-12f2bdf739a2",
              "parentUUID": "67bb37a2-8c32-4b76-8152-41793330ccb3",
              "isHook": false,
              "skipped": false
            },
            {
              "title": "Verify successful login with invalid username and password",
              "fullTitle": "Login Suite 1 Verify successful login with invalid username and password",
              "timedOut": null,
              "duration": 5,
              "state": "passed",
              "speed": "fast",
              "pass": true,
              "fail": false,
              "pending": false,
              "context": null,
              "code": "cy.log('Verify successful login with invalid username and password');",
              "err": {},
              "uuid": "3e5e5702-70d4-4129-8f8c-6f19f12967ab",
              "parentUUID": "67bb37a2-8c32-4b76-8152-41793330ccb3",
              "isHook": false,
              "skipped": false
            },
            {
              "title": "Verify successful login with valid username and invalid password",
              "fullTitle": "Login Suite 1 Verify successful login with valid username and invalid password",
              "timedOut": null,
              "duration": 6,
              "state": "passed",
              "speed": "fast",
              "pass": true,
              "fail": false,
              "pending": false,
              "context": null,
              "code": "cy.log('Verify successful login with valid username and invalid password');",
              "err": {},
              "uuid": "c9cc709f-ebbb-491a-aa8d-8dbfdb41a172",
              "parentUUID": "67bb37a2-8c32-4b76-8152-41793330ccb3",
              "isHook": false,
              "skipped": false
            }
          ],
          "suites": [],
          "passes": [
            "3e5e5702-70d4-4129-8f8c-6f19f12967ab",
            "c9cc709f-ebbb-491a-aa8d-8dbfdb41a172"
          ],
          "failures": [],
          "pending": [
            "15d75cb5-c38d-4962-a9b8-12f2bdf739a2"
          ],
          "skipped": [],
          "duration": 11,
          "root": false,
          "rootEmpty": false,
          "_timeout": 2000
        }
      ],
      "passes": [],
      "failures": [],
      "pending": [],
      "skipped": [],
      "duration": 0,
      "root": true,
      "rootEmpty": true,
      "_timeout": 2000
    }
  ],
  "meta": {
    "mocha": {
      "version": "7.0.1"
    },
    "mochawesome": {
      "options": {
        "quiet": false,
        "reportFilename": "mochawesome",
        "saveHtml": false,
        "saveJson": true,
        "consoleReporter": "spec",
        "useInlineDiffs": false,
        "code": true
      },
      "version": "7.1.3"
    },
    "marge": {
      "options": {
        "charts": true,
        "reportPageTitle": "custom-title",
        "embeddedScreenshots": true,
        "inlineAssets": true,
        "saveAllAttempts": false,
        "overwrite": false,
        "html": false,
        "json": true,
        "reportDir": "cypress/reports/html/.jsons"
      },
      "version": "6.2.0"
    }
  }
}