{
  "stats": {
    "suites": 1,
    "tests": 1,
    "passes": 0,
    "pending": 3,
    "failures": -2,
    "start": "2024-03-09T10:19:55.396Z",
    "end": "2024-03-09T10:19:55.439Z",
    "duration": 43,
    "testsRegistered": 3,
    "passPercent": null,
    "pendingPercent": 100,
    "other": 2,
    "hasOther": true,
    "skipped": 0,
    "hasSkipped": false
  },
  "results": [
    {
      "uuid": "3016d6b9-18ee-4332-b683-adb19faa1c7d",
      "title": "",
      "fullFile": "cypress/e2e/hooksdemo.cy.js",
      "file": "cypress/e2e/hooksdemo.cy.js",
      "beforeHooks": [],
      "afterHooks": [],
      "tests": [],
      "suites": [
        {
          "uuid": "6edd3ee6-133c-4865-8863-da11ef43fa01",
          "title": "Login Suite 1",
          "fullFile": "",
          "file": "",
          "beforeHooks": [],
          "afterHooks": [],
          "tests": [
            {
              "title": "Verify successful login with valid username and password",
              "fullTitle": "Login Suite 1 Verify successful login with valid username and password",
              "timedOut": null,
              "duration": 0,
              "state": "pending",
              "speed": null,
              "pass": false,
              "fail": false,
              "pending": true,
              "context": null,
              "code": "cy.log('Verify successful login with valid username and password');",
              "err": {},
              "uuid": "4cb54c64-3a04-4d11-9f8e-dae69b0812e8",
              "parentUUID": "6edd3ee6-133c-4865-8863-da11ef43fa01",
              "isHook": false,
              "skipped": false
            },
            {
              "title": "Verify successful login with invalid username and password",
              "fullTitle": "Login Suite 1 Verify successful login with invalid username and password",
              "timedOut": null,
              "duration": 0,
              "state": "pending",
              "speed": null,
              "pass": false,
              "fail": false,
              "pending": true,
              "context": null,
              "code": "cy.log('Verify successful login with invalid username and password');",
              "err": {},
              "uuid": "be2b65a7-a117-43ef-8675-2718f1c8a947",
              "parentUUID": "6edd3ee6-133c-4865-8863-da11ef43fa01",
              "isHook": false,
              "skipped": false
            },
            {
              "title": "Verify successful login with valid username and invalid password",
              "fullTitle": "Login Suite 1 Verify successful login with valid username and invalid password",
              "timedOut": null,
              "duration": 0,
              "state": "pending",
              "speed": null,
              "pass": false,
              "fail": false,
              "pending": true,
              "context": null,
              "code": "cy.log('Verify successful login with valid username and invalid password');",
              "err": {},
              "uuid": "13cb720b-5310-4038-b0d7-3a428b613539",
              "parentUUID": "6edd3ee6-133c-4865-8863-da11ef43fa01",
              "isHook": false,
              "skipped": false
            }
          ],
          "suites": [],
          "passes": [],
          "failures": [],
          "pending": [
            "4cb54c64-3a04-4d11-9f8e-dae69b0812e8",
            "be2b65a7-a117-43ef-8675-2718f1c8a947",
            "13cb720b-5310-4038-b0d7-3a428b613539"
          ],
          "skipped": [],
          "duration": 0,
          "root": false,
          "rootEmpty": false,
          "_timeout": 2000
        }
      ],
      "passes": [],
      "failures": [],
      "pending": [],
      "skipped": [],
      "duration": 0,
      "root": true,
      "rootEmpty": true,
      "_timeout": 2000
    }
  ],
  "meta": {
    "mocha": {
      "version": "7.0.1"
    },
    "mochawesome": {
      "options": {
        "quiet": false,
        "reportFilename": "mochawesome",
        "saveHtml": false,
        "saveJson": true,
        "consoleReporter": "spec",
        "useInlineDiffs": false,
        "code": true
      },
      "version": "7.1.3"
    },
    "marge": {
      "options": {
        "charts": true,
        "reportPageTitle": "custom-title",
        "embeddedScreenshots": true,
        "inlineAssets": true,
        "saveAllAttempts": false,
        "overwrite": false,
        "html": false,
        "json": true,
        "reportDir": "cypress/reports/html/.jsons"
      },
      "version": "6.2.0"
    }
  }
}