{
  "stats": {
    "suites": 1,
    "tests": 1,
    "passes": 0,
    "pending": 3,
    "failures": -2,
    "start": "2024-03-09T10:20:20.010Z",
    "end": "2024-03-09T10:20:20.064Z",
    "duration": 54,
    "testsRegistered": 3,
    "passPercent": null,
    "pendingPercent": 100,
    "other": 2,
    "hasOther": true,
    "skipped": 0,
    "hasSkipped": false
  },
  "results": [
    {
      "uuid": "f95d8d5d-54b3-461d-aefe-7fe48ff2fae2",
      "title": "",
      "fullFile": "cypress/e2e/hooksdemo.cy.js",
      "file": "cypress/e2e/hooksdemo.cy.js",
      "beforeHooks": [],
      "afterHooks": [],
      "tests": [],
      "suites": [
        {
          "uuid": "a60b15a3-d540-4657-b652-c154f710bb48",
          "title": "Login Suite 1",
          "fullFile": "",
          "file": "",
          "beforeHooks": [],
          "afterHooks": [],
          "tests": [
            {
              "title": "Verify successful login with valid username and password",
              "fullTitle": "Login Suite 1 Verify successful login with valid username and password",
              "timedOut": null,
              "duration": 0,
              "state": "pending",
              "speed": null,
              "pass": false,
              "fail": false,
              "pending": true,
              "context": null,
              "code": "cy.log('Verify successful login with valid username and password');",
              "err": {},
              "uuid": "493be3a8-84b2-4254-ae6d-c641c3ca91a1",
              "parentUUID": "a60b15a3-d540-4657-b652-c154f710bb48",
              "isHook": false,
              "skipped": false
            },
            {
              "title": "Verify successful login with invalid username and password",
              "fullTitle": "Login Suite 1 Verify successful login with invalid username and password",
              "timedOut": null,
              "duration": 0,
              "state": "pending",
              "speed": null,
              "pass": false,
              "fail": false,
              "pending": true,
              "context": null,
              "code": "cy.log('Verify successful login with invalid username and password');",
              "err": {},
              "uuid": "f1deeaf0-fedd-49a9-8c5a-6f1e56ae6572",
              "parentUUID": "a60b15a3-d540-4657-b652-c154f710bb48",
              "isHook": false,
              "skipped": false
            },
            {
              "title": "Verify successful login with valid username and invalid password",
              "fullTitle": "Login Suite 1 Verify successful login with valid username and invalid password",
              "timedOut": null,
              "duration": 0,
              "state": "pending",
              "speed": null,
              "pass": false,
              "fail": false,
              "pending": true,
              "context": null,
              "code": "cy.log('Verify successful login with valid username and invalid password');",
              "err": {},
              "uuid": "ca6a2586-c81f-4d6a-a217-966c3275f9a1",
              "parentUUID": "a60b15a3-d540-4657-b652-c154f710bb48",
              "isHook": false,
              "skipped": false
            }
          ],
          "suites": [],
          "passes": [],
          "failures": [],
          "pending": [
            "493be3a8-84b2-4254-ae6d-c641c3ca91a1",
            "f1deeaf0-fedd-49a9-8c5a-6f1e56ae6572",
            "ca6a2586-c81f-4d6a-a217-966c3275f9a1"
          ],
          "skipped": [],
          "duration": 0,
          "root": false,
          "rootEmpty": false,
          "_timeout": 2000
        }
      ],
      "passes": [],
      "failures": [],
      "pending": [],
      "skipped": [],
      "duration": 0,
      "root": true,
      "rootEmpty": true,
      "_timeout": 2000
    }
  ],
  "meta": {
    "mocha": {
      "version": "7.0.1"
    },
    "mochawesome": {
      "options": {
        "quiet": false,
        "reportFilename": "mochawesome",
        "saveHtml": false,
        "saveJson": true,
        "consoleReporter": "spec",
        "useInlineDiffs": false,
        "code": true
      },
      "version": "7.1.3"
    },
    "marge": {
      "options": {
        "charts": true,
        "reportPageTitle": "custom-title",
        "embeddedScreenshots": true,
        "inlineAssets": true,
        "saveAllAttempts": false,
        "overwrite": false,
        "html": false,
        "json": true,
        "reportDir": "cypress/reports/html/.jsons"
      },
      "version": "6.2.0"
    }
  }
}